mode: set
test3/configuration/configuration.go:12.26,23.2 6 1
test3/api/calendar.go:10.44,12.2 1 1
test3/api/calendar.go:14.44,19.38 3 1
test3/api/calendar.go:19.38,21.3 1 1
test3/api/calendar.go:24.2,24.60 1 1
test3/api/calendar.go:27.47,34.51 4 1
test3/api/calendar.go:34.51,36.3 1 1
test3/api/calendar.go:39.2,39.60 1 1
test3/api/calendar.go:42.47,46.39 2 1
test3/api/calendar.go:46.39,48.3 1 1
test3/api/calendar.go:51.2,51.60 1 1
test3/main.go:18.50,21.2 2 1
test3/main.go:23.25,38.2 6 1
test3/main.go:40.49,41.12 1 1
test3/main.go:41.12,44.3 1 1
test3/main.go:45.2,45.12 1 1
test3/main.go:48.13,59.22 4 1
test3/main.go:59.22,61.17 2 1
test3/main.go:61.17,63.4 1 1
test3/main.go:64.3,64.9 1 1
test3/main.go:67.2,68.18 2 1
test3/model/migration.go:8.31,12.2 2 1
test3/model/migration.go:15.73,17.2 1 1
test3/model/migration.go:20.29,21.72 1 1
test3/model/migration.go:21.72,23.3 1 1
test3/database/calendar.go:7.48,11.2 2 1
test3/database/calendar.go:13.47,15.2 1 1
test3/database/calendar.go:18.60,23.30 3 1
test3/database/calendar.go:23.30,25.3 1 1
test3/database/calendar.go:27.2,31.42 4 1
test3/database/calendar.go:34.35,39.2 3 1
test3/database/open.go:17.13,23.16 3 1
test3/database/open.go:23.16,27.3 3 1
test3/database/open.go:29.2,41.23 5 1
test3/router/router.go:27.12,40.2 3 1
test3/router/router.go:43.59,46.37 2 1
test3/router/router.go:46.37,48.3 1 1
test3/router/router.go:51.2,51.34 1 1
test3/router/router.go:51.34,53.3 1 1
test3/router/router.go:55.2,55.53 1 1
test3/router/router.go:59.19,77.2 4 1
